Copyright 1986-2018 Xilinx, Inc. All Rights Reserved.
------------------------------------------------------------------------------------
| Tool Version : Vivado v.2018.3 (lin64) Build 2405991 Thu Dec  6 23:36:41 MST 2018
| Date         : Tue Apr  2 14:56:20 2019
| Host         : ubuntu running 64-bit Ubuntu 18.04.2 LTS
| Command      : upgrade_ip
| Device       : xc7z010clg400-1
------------------------------------------------------------------------------------

Upgrade Log for IP 'design_1_BC12_axi_0_0'

1. Summary
----------

SUCCESS in the upgrade of design_1_BC12_axi_0_0 (it.aletto:AxDCTAlgorithms:BC12_axi:1.0) from (Rev. 2) to (Rev. 3)






Copyright 1986-2018 Xilinx, Inc. All Rights Reserved.
------------------------------------------------------------------------------------
| Tool Version : Vivado v.2018.3 (lin64) Build 2405991 Thu Dec  6 23:36:41 MST 2018
| Date         : Tue Apr  2 13:23:21 2019
| Host         : ubuntu running 64-bit Ubuntu 18.04.2 LTS
| Command      : upgrade_ip
| Device       : xc7z010clg400-1
------------------------------------------------------------------------------------

Upgrade Log for IP 'design_1_CB11_axi_0_0'

1. Summary
----------

SUCCESS in the upgrade of design_1_CB11_axi_0_0 (it.aletto:AxDCTAlgorithms:CB11_axi:1.0) from (Rev. 1) to (Rev. 2)

