#-----------------------------------------------------------
# Vivado v2018.3 (64-bit)
# SW Build 2405991 on Thu Dec  6 23:36:41 MST 2018
# IP Build 2404404 on Fri Dec  7 01:43:56 MST 2018
# Start of session at: Tue Apr  2 12:56:56 2019
# Process ID: 67556
# Current directory: /home/andrea/vhdl_adders/vivado
# Command line: vivado
# Log file: /home/andrea/vhdl_adders/vivado/vivado.log
# Journal file: /home/andrea/vhdl_adders/vivado/vivado.jou
#-----------------------------------------------------------
start_gui
open_project /home/andrea/vhdl_adders/vivado/axdct_project/axdct_project.xpr
Scanning sources...
Finished scanning sources
INFO: [IP_Flow 19-234] Refreshing IP repositories
INFO: [IP_Flow 19-1700] Loaded user IP repository '/home/andrea/vhdl_adders/vivado/ip_repo/BC12_axi_1.0'.
INFO: [IP_Flow 19-2313] Loaded Vivado IP repository '/home/andrea/Xilinx/Vivado/2018.3/data/ip'.
CRITICAL WARNING: [Common 17-1649] The Vivado message database '/home/andrea/vhdl_adders/vivado/axdct_project/axdct_project.runs/design_1_BC12_axi_0_0_synth_1/vivado.pb' contains 23005 messages. Restoring all messages from this message database will impact Vivado performance, so only WARNING, CRITICAL WARNING, and ERROR messages will be restored. To restore all messages from this file use the tcl command 'set_param messaging.loadPbLimit 23006' and re-open the project.
update_compile_order -fileset sources_1
WARNING: [IP_Flow 19-3899] Cannot get the environment domain name variable for the component vendor name. Setting the vendor name to 'user.org'.
WARNING: [IP_Flow 19-3899] Cannot get the environment domain name variable for the component vendor name. Setting the vendor name to 'user.org'.
WARNING: [IP_Flow 19-3899] Cannot get the environment domain name variable for the component vendor name. Setting the vendor name to 'user.org'.
create_peripheral user.org user CB11_axi 1.0 -dir /home/andrea/vhdl_adders/vivado/ip_repo
add_peripheral_interface S00_AXI -interface_mode slave -axi_type lite [ipx::find_open_core user.org:user:CB11_axi:1.0]
set_property VALUE 128 [ipx::get_bus_parameters WIZ_NUM_REG -of_objects [ipx::get_bus_interfaces S00_AXI -of_objects [ipx::find_open_core user.org:user:CB11_axi:1.0]]]
generate_peripheral -driver -bfm_example_design -debug_hw_example_design [ipx::find_open_core user.org:user:CB11_axi:1.0]
write_peripheral [ipx::find_open_core user.org:user:CB11_axi:1.0]
set_property  ip_repo_paths  {/home/andrea/vhdl_adders/vivado/ip_repo/CB11_axi_1.0 /home/andrea/vhdl_adders/vivado/ip_repo/BC12_axi_1.0} [current_project]
update_ip_catalog -rebuild
INFO: [IP_Flow 19-234] Refreshing IP repositories
INFO: [IP_Flow 19-1700] Loaded user IP repository '/home/andrea/vhdl_adders/vivado/ip_repo/CB11_axi_1.0'.
INFO: [IP_Flow 19-1700] Loaded user IP repository '/home/andrea/vhdl_adders/vivado/ip_repo/BC12_axi_1.0'.
ipx::edit_ip_in_project -upgrade true -name edit_CB11_axi_v1_0 -directory /home/andrea/vhdl_adders/vivado/ip_repo /home/andrea/vhdl_adders/vivado/ip_repo/CB11_axi_1.0/component.xml
INFO: [IP_Flow 19-234] Refreshing IP repositories
INFO: [IP_Flow 19-1704] No user IP repositories specified
INFO: [IP_Flow 19-2313] Loaded Vivado IP repository '/home/andrea/Xilinx/Vivado/2018.3/data/ip'.
INFO: [IP_Flow 19-234] Refreshing IP repositories
INFO: [IP_Flow 19-1700] Loaded user IP repository '/home/andrea/vhdl_adders/vivado/ip_repo/CB11_axi_1.0'.
INFO: [IP_Flow 19-1700] Loaded user IP repository '/home/andrea/vhdl_adders/vivado/ip_repo/BC12_axi_1.0'.
INFO: [IP_Flow 19-795] Syncing license key meta-data
current_project axdct_project
current_project edit_CB11_axi_v1_0
update_compile_order -fileset sources_1
add_files -norecurse {/home/andrea/vhdl_adders/vivado/src_links/CB11.vhd /home/andrea/vhdl_adders/vivado/src_links/InAx1.vhd /home/andrea/vhdl_adders/vivado/src_links/AMA2.vhd /home/andrea/vhdl_adders/vivado/src_links/AXA2.vhd /home/andrea/vhdl_adders/vivado/src_links/AXA3.vhd /home/andrea/vhdl_adders/vivado/src_links/AMA4.vhd /home/andrea/vhdl_adders/vivado/src_links/generic_adder_subtractor.vhd /home/andrea/vhdl_adders/vivado/src_links/InAx2.vhd /home/andrea/vhdl_adders/vivado/src_links/AMA1.vhd /home/andrea/vhdl_adders/vivado/src_links/AMA3.vhd /home/andrea/vhdl_adders/vivado/src_links/AXA1.vhd /home/andrea/vhdl_adders/vivado/src_links/FullAdder.vhd /home/andrea/vhdl_adders/vivado/src_links/InAx3.vhd /home/andrea/vhdl_adders/vivado/src_links/CB111D.vhd /home/andrea/vhdl_adders/vivado/src_links/RippleCarry.vhd /home/andrea/vhdl_adders/vivado/src_links/GenericRegister.vhd /home/andrea/vhdl_adders/vivado/src_links/CB11Wrapper.vhd /home/andrea/vhdl_adders/vivado/src_links/Packages.vhd}
update_compile_order -fileset sources_1
update_compile_order -fileset sources_1
ipx::merge_project_changes hdl_parameters [ipx::current_core]
WARNING: [IP_Flow 19-3899] Cannot get the environment domain name variable for the component vendor name. Setting the vendor name to 'user.org'.
WARNING: [IP_Flow 19-5226] Project source file '/home/andrea/vhdl_adders/vivado/ip_repo/CB11_axi_1.0/component.xml' ignored by IP packager.
INFO: [IP_Flow 19-3166] Bus Interface 'S00_AXI': References existing memory map 'S00_AXI'.
ipx::merge_project_changes files [ipx::current_core]
WARNING: [IP_Flow 19-3899] Cannot get the environment domain name variable for the component vendor name. Setting the vendor name to 'user.org'.
WARNING: [IP_Flow 19-5226] Project source file '/home/andrea/vhdl_adders/vivado/ip_repo/CB11_axi_1.0/component.xml' ignored by IP packager.
set_property value_validation_range_minimum 0 [ipx::get_user_parameters nab0 -of_objects [ipx::current_core]]
set_property value_validation_range_maximum 16 [ipx::get_user_parameters nab0 -of_objects [ipx::current_core]]
ipgui::add_param -name {nab0} -component [ipx::current_core] -display_name {Nab0} -show_label {true} -show_range {true} -widget {}
WARNING: [IP_Flow 19-4067] Ignoring invalid widget type specified .Providing a default widget
nab0
set_property value_validation_range_minimum 0 [ipx::get_user_parameters nab1 -of_objects [ipx::current_core]]
set_property value_validation_range_maximum 16 [ipx::get_user_parameters nab1 -of_objects [ipx::current_core]]
ipgui::add_param -name {nab1} -component [ipx::current_core] -display_name {Nab1} -show_label {true} -show_range {true} -widget {}
WARNING: [IP_Flow 19-4067] Ignoring invalid widget type specified .Providing a default widget
nab1
set_property value_validation_range_minimum 0 [ipx::get_user_parameters nab2 -of_objects [ipx::current_core]]
set_property value_validation_range_maximum 16 [ipx::get_user_parameters nab2 -of_objects [ipx::current_core]]
ipgui::add_param -name {nab2} -component [ipx::current_core] -display_name {Nab2} -show_label {true} -show_range {true} -widget {}
WARNING: [IP_Flow 19-4067] Ignoring invalid widget type specified .Providing a default widget
nab2
set_property value_validation_range_minimum 0 [ipx::get_user_parameters nab3 -of_objects [ipx::current_core]]
set_property value_validation_range_maximum 16 [ipx::get_user_parameters nab3 -of_objects [ipx::current_core]]
ipgui::add_param -name {nab3} -component [ipx::current_core] -display_name {Nab3} -show_label {true} -show_range {true} -widget {}
WARNING: [IP_Flow 19-4067] Ignoring invalid widget type specified .Providing a default widget
nab3
set_property value_validation_range_minimum 0 [ipx::get_user_parameters nab4 -of_objects [ipx::current_core]]
set_property value_validation_range_maximum 16 [ipx::get_user_parameters nab4 -of_objects [ipx::current_core]]
ipgui::add_param -name {nab4} -component [ipx::current_core] -display_name {Nab4} -show_label {true} -show_range {true} -widget {}
WARNING: [IP_Flow 19-4067] Ignoring invalid widget type specified .Providing a default widget
nab4
set_property value_validation_range_minimum 0 [ipx::get_user_parameters nab5 -of_objects [ipx::current_core]]
set_property value_validation_range_maximum 16 [ipx::get_user_parameters nab5 -of_objects [ipx::current_core]]
ipgui::add_param -name {nab5} -component [ipx::current_core] -display_name {Nab5} -show_label {true} -show_range {true} -widget {}
WARNING: [IP_Flow 19-4067] Ignoring invalid widget type specified .Providing a default widget
nab5
set_property value_validation_range_minimum 0 [ipx::get_user_parameters nab6 -of_objects [ipx::current_core]]
set_property value_validation_range_maximum 16 [ipx::get_user_parameters nab6 -of_objects [ipx::current_core]]
ipgui::add_param -name {nab6} -component [ipx::current_core] -display_name {Nab6} -show_label {true} -show_range {true} -widget {}
WARNING: [IP_Flow 19-4067] Ignoring invalid widget type specified .Providing a default widget
nab6
set_property value_validation_range_minimum 0 [ipx::get_user_parameters nab7 -of_objects [ipx::current_core]]
set_property value_validation_range_maximum 16 [ipx::get_user_parameters nab7 -of_objects [ipx::current_core]]
ipgui::add_param -name {nab7} -component [ipx::current_core] -display_name {Nab7} -show_label {true} -show_range {true} -widget {}
WARNING: [IP_Flow 19-4067] Ignoring invalid widget type specified .Providing a default widget
nab7
set_property value_validation_range_minimum 0 [ipx::get_user_parameters nab8 -of_objects [ipx::current_core]]
set_property value_validation_range_maximum 16 [ipx::get_user_parameters nab8 -of_objects [ipx::current_core]]
ipgui::add_param -name {nab8} -component [ipx::current_core] -display_name {Nab8} -show_label {true} -show_range {true} -widget {}
WARNING: [IP_Flow 19-4067] Ignoring invalid widget type specified .Providing a default widget
nab8
set_property value_validation_range_minimum 0 [ipx::get_user_parameters nab9 -of_objects [ipx::current_core]]
set_property value_validation_range_maximum 16 [ipx::get_user_parameters nab9 -of_objects [ipx::current_core]]
ipgui::add_param -name {nab9} -component [ipx::current_core] -display_name {Nab9} -show_label {true} -show_range {true} -widget {}
WARNING: [IP_Flow 19-4067] Ignoring invalid widget type specified .Providing a default widget
nab9
set_property value_validation_range_minimum 0 [ipx::get_user_parameters nab10 -of_objects [ipx::current_core]]
set_property value_validation_range_maximum 16 [ipx::get_user_parameters nab10 -of_objects [ipx::current_core]]
ipgui::add_param -name {nab10} -component [ipx::current_core] -display_name {Nab10} -show_label {true} -show_range {true} -widget {}
WARNING: [IP_Flow 19-4067] Ignoring invalid widget type specified .Providing a default widget
nab10
set_property value_validation_range_minimum 0 [ipx::get_user_parameters nab11 -of_objects [ipx::current_core]]
set_property value_validation_range_maximum 16 [ipx::get_user_parameters nab11 -of_objects [ipx::current_core]]
ipgui::add_param -name {nab11} -component [ipx::current_core] -display_name {Nab11} -show_label {true} -show_range {true} -widget {}
WARNING: [IP_Flow 19-4067] Ignoring invalid widget type specified .Providing a default widget
nab11
set_property value_validation_range_minimum 0 [ipx::get_user_parameters nab12 -of_objects [ipx::current_core]]
set_property value_validation_range_maximum 16 [ipx::get_user_parameters nab12 -of_objects [ipx::current_core]]
ipgui::add_param -name {nab12} -component [ipx::current_core] -display_name {Nab12} -show_label {true} -show_range {true} -widget {}
WARNING: [IP_Flow 19-4067] Ignoring invalid widget type specified .Providing a default widget
nab12
set_property value_validation_range_minimum 0 [ipx::get_user_parameters nab13 -of_objects [ipx::current_core]]
set_property value_validation_range_maximum 16 [ipx::get_user_parameters nab13 -of_objects [ipx::current_core]]
ipgui::add_param -name {nab13} -component [ipx::current_core] -display_name {Nab13} -show_label {true} -show_range {true} -widget {}
WARNING: [IP_Flow 19-4067] Ignoring invalid widget type specified .Providing a default widget
nab13
set_property value_validation_range_minimum 0 [ipx::get_user_parameters nab14 -of_objects [ipx::current_core]]
set_property value_validation_range_maximum 16 [ipx::get_user_parameters nab14 -of_objects [ipx::current_core]]
ipgui::add_param -name {nab14} -component [ipx::current_core] -display_name {Nab14} -show_label {true} -show_range {true} -widget {}
WARNING: [IP_Flow 19-4067] Ignoring invalid widget type specified .Providing a default widget
nab14
set_property value_validation_range_minimum 0 [ipx::get_user_parameters nab15 -of_objects [ipx::current_core]]
set_property value_validation_range_maximum 16 [ipx::get_user_parameters nab15 -of_objects [ipx::current_core]]
ipgui::add_param -name {nab15} -component [ipx::current_core] -display_name {Nab15} -show_label {true} -show_range {true} -widget {}
WARNING: [IP_Flow 19-4067] Ignoring invalid widget type specified .Providing a default widget
nab15
set_property value_validation_range_minimum 0 [ipx::get_user_parameters nab16 -of_objects [ipx::current_core]]
set_property value_validation_range_maximum 16 [ipx::get_user_parameters nab16 -of_objects [ipx::current_core]]
ipgui::add_param -name {nab16} -component [ipx::current_core] -display_name {Nab16} -show_label {true} -show_range {true} -widget {}
WARNING: [IP_Flow 19-4067] Ignoring invalid widget type specified .Providing a default widget
nab16
set_property value_validation_range_minimum 0 [ipx::get_user_parameters nab17 -of_objects [ipx::current_core]]
set_property value_validation_range_maximum 16 [ipx::get_user_parameters nab17 -of_objects [ipx::current_core]]
ipgui::add_param -name {nab17} -component [ipx::current_core] -display_name {Nab17} -show_label {true} -show_range {true} -widget {}
WARNING: [IP_Flow 19-4067] Ignoring invalid widget type specified .Providing a default widget
nab17
ipx::update_checksums [ipx::current_core]
ipx::save_core [ipx::current_core]
set_property previous_version_for_upgrade user.org:user:CB11_axi:1.0 [ipx::current_core]
set_property core_revision 1 [ipx::current_core]
ipx::create_xgui_files [ipx::current_core]
ipx::update_checksums [ipx::current_core]
ipx::save_core [ipx::current_core]
ipx::move_temp_component_back -component [ipx::current_core]
close_project -delete
update_ip_catalog -rebuild -repo_path /home/andrea/vhdl_adders/vivado/ip_repo/CB11_axi_1.0
INFO: [IP_Flow 19-725] Reloaded user IP repository '/home/andrea/vhdl_adders/vivado/ip_repo/CB11_axi_1.0'
open_bd_design {/home/andrea/vhdl_adders/vivado/axdct_project/axdct_project.srcs/sources_1/bd/design_1/design_1.bd}
Adding cell -- xilinx.com:ip:processing_system7:5.5 - processing_system7_0
Adding cell -- it.aletto:AxDCTAlgorithms:BC12_axi:1.0 - BC12_axi_0
Adding cell -- xilinx.com:ip:axi_interconnect:2.1 - ps7_0_axi_periph
Adding cell -- xilinx.com:ip:axi_protocol_converter:2.1 - auto_pc
Adding cell -- xilinx.com:ip:proc_sys_reset:5.0 - rst_ps7_0_100M
Successfully read diagram <design_1> from BD file </home/andrea/vhdl_adders/vivado/axdct_project/axdct_project.srcs/sources_1/bd/design_1/design_1.bd>
delete_bd_objs [get_bd_intf_nets ps7_0_axi_periph_M00_AXI] [get_bd_cells BC12_axi_0]
startgroup
create_bd_cell -type ip -vlnv it.aletto:AxDCTAlgorithms:CB11_axi:1.0 CB11_axi_0
endgroup
apply_bd_automation -rule xilinx.com:bd_rule:axi4 -config { Clk_master {/processing_system7_0/FCLK_CLK0 (100 MHz)} Clk_slave {Auto} Clk_xbar {/processing_system7_0/FCLK_CLK0 (100 MHz)} Master {/processing_system7_0/M_AXI_GP0} Slave {/CB11_axi_0/S00_AXI} intc_ip {/ps7_0_axi_periph} master_apm {0}}  [get_bd_intf_pins CB11_axi_0/S00_AXI]
</CB11_axi_0/S00_AXI/S00_AXI_reg> is being mapped into </processing_system7_0/Data> at <0x43C00000 [ 64K ]>
regenerate_bd_layout
save_bd_design
Wrote  : </home/andrea/vhdl_adders/vivado/axdct_project/axdct_project.srcs/sources_1/bd/design_1/design_1.bd> 
Wrote  : </home/andrea/vhdl_adders/vivado/axdct_project/axdct_project.srcs/sources_1/bd/design_1/ui/bd_1f5defd0.ui> 
validate_bd_design
save_bd_design
Wrote  : </home/andrea/vhdl_adders/vivado/axdct_project/axdct_project.srcs/sources_1/bd/design_1/design_1.bd> 
Wrote  : </home/andrea/vhdl_adders/vivado/axdct_project/axdct_project.srcs/sources_1/bd/design_1/ui/bd_1f5defd0.ui> 
reset_target all [get_files  /home/andrea/vhdl_adders/vivado/axdct_project/axdct_project.srcs/sources_1/bd/design_1/design_1.bd]
export_ip_user_files -of_objects  [get_files  /home/andrea/vhdl_adders/vivado/axdct_project/axdct_project.srcs/sources_1/bd/design_1/design_1.bd] -sync -no_script -force -quiet
delete_ip_run [get_files -of_objects [get_fileset sources_1] /home/andrea/vhdl_adders/vivado/axdct_project/axdct_project.srcs/sources_1/bd/design_1/design_1.bd]
reset_run synth_1
launch_runs impl_1 -jobs 4
INFO: [BD 41-1662] The design 'design_1.bd' is already validated. Therefore parameter propagation will not be re-run.
VHDL Output written to : /home/andrea/vhdl_adders/vivado/axdct_project/axdct_project.srcs/sources_1/bd/design_1/synth/design_1.vhd
VHDL Output written to : /home/andrea/vhdl_adders/vivado/axdct_project/axdct_project.srcs/sources_1/bd/design_1/sim/design_1.vhd
VHDL Output written to : /home/andrea/vhdl_adders/vivado/axdct_project/axdct_project.srcs/sources_1/bd/design_1/hdl/design_1_wrapper.vhd
INFO: [BD 41-1029] Generation completed for the IP Integrator block processing_system7_0 .
INFO: [BD 41-1029] Generation completed for the IP Integrator block rst_ps7_0_100M .
INFO: [BD 41-1029] Generation completed for the IP Integrator block CB11_axi_0 .
WARNING: [IP_Flow 19-4994] Overwriting existing constraint file '/home/andrea/vhdl_adders/vivado/axdct_project/axdct_project.srcs/sources_1/bd/design_1/ip/design_1_auto_pc_0/design_1_auto_pc_0_ooc.xdc'
INFO: [BD 41-1029] Generation completed for the IP Integrator block ps7_0_axi_periph/s00_couplers/auto_pc .
Exporting to file /home/andrea/vhdl_adders/vivado/axdct_project/axdct_project.srcs/sources_1/bd/design_1/hw_handoff/design_1.hwh
Generated Block Design Tcl file /home/andrea/vhdl_adders/vivado/axdct_project/axdct_project.srcs/sources_1/bd/design_1/hw_handoff/design_1_bd.tcl
Generated Hardware Definition File /home/andrea/vhdl_adders/vivado/axdct_project/axdct_project.srcs/sources_1/bd/design_1/synth/design_1.hwdef
INFO: [IP_Flow 19-4993] Using cached IP synthesis design for IP design_1_auto_pc_0, cache-ID = a55a396f04eaec77; cache size = 15,733 MB.
INFO: [IP_Flow 19-4993] Using cached IP synthesis design for IP design_1_processing_system7_0_0, cache-ID = 7a23867f0f916454; cache size = 15,733 MB.
INFO: [IP_Flow 19-4993] Using cached IP synthesis design for IP design_1_rst_ps7_0_100M_0, cache-ID = dd53aaa0c6601d6f; cache size = 15,733 MB.
[Tue Apr  2 13:21:23 2019] Launched design_1_CB11_axi_0_0_synth_1, synth_1...
Run output will be captured here:
design_1_CB11_axi_0_0_synth_1: /home/andrea/vhdl_adders/vivado/axdct_project/axdct_project.runs/design_1_CB11_axi_0_0_synth_1/runme.log
synth_1: /home/andrea/vhdl_adders/vivado/axdct_project/axdct_project.runs/synth_1/runme.log
[Tue Apr  2 13:21:23 2019] Launched impl_1...
Run output will be captured here: /home/andrea/vhdl_adders/vivado/axdct_project/axdct_project.runs/impl_1/runme.log
launch_runs: Time (s): cpu = 00:00:19 ; elapsed = 00:00:19 . Memory (MB): peak = 6995.773 ; gain = 32.012 ; free physical = 2584 ; free virtual = 4415
ipx::edit_ip_in_project -upgrade true -name CB11_axi_v1_0_project -directory /home/andrea/vhdl_adders/vivado/axdct_project/axdct_project.tmp/CB11_axi_v1_0_project /home/andrea/vhdl_adders/vivado/ip_repo/CB11_axi_1.0/component.xml
INFO: [IP_Flow 19-234] Refreshing IP repositories
INFO: [IP_Flow 19-1704] No user IP repositories specified
INFO: [IP_Flow 19-2313] Loaded Vivado IP repository '/home/andrea/Xilinx/Vivado/2018.3/data/ip'.
INFO: [IP_Flow 19-234] Refreshing IP repositories
INFO: [IP_Flow 19-1700] Loaded user IP repository '/home/andrea/vhdl_adders/vivado/ip_repo/CB11_axi_1.0'.
INFO: [IP_Flow 19-1700] Loaded user IP repository '/home/andrea/vhdl_adders/vivado/ip_repo/BC12_axi_1.0'.
INFO: [IP_Flow 19-795] Syncing license key meta-data
update_compile_order -fileset sources_1
ipx::merge_project_changes hdl_parameters [ipx::current_core]
WARNING: [IP_Flow 19-3899] Cannot get the environment domain name variable for the component vendor name. Setting the vendor name to 'user.org'.
WARNING: [IP_Flow 19-5226] Project source file '/home/andrea/vhdl_adders/vivado/ip_repo/CB11_axi_1.0/component.xml' ignored by IP packager.
INFO: [IP_Flow 19-3166] Bus Interface 'S00_AXI': References existing memory map 'S00_AXI'.
ipx::update_checksums [ipx::current_core]
ipx::save_core [ipx::current_core]
set_property core_revision 2 [ipx::current_core]
ipx::update_source_project_archive -component [ipx::current_core]
ipx::create_xgui_files [ipx::current_core]
ipx::update_checksums [ipx::current_core]
ipx::save_core [ipx::current_core]
ipx::move_temp_component_back -component [ipx::current_core]
close_project -delete
update_ip_catalog -rebuild -repo_path /home/andrea/vhdl_adders/vivado/ip_repo/CB11_axi_1.0
INFO: [IP_Flow 19-725] Reloaded user IP repository '/home/andrea/vhdl_adders/vivado/ip_repo/CB11_axi_1.0'
report_ip_status -name ip_status 
upgrade_ip -vlnv it.aletto:AxDCTAlgorithms:CB11_axi:1.0 [get_ips  design_1_CB11_axi_0_0] -log ip_upgrade.log
Upgrading '/home/andrea/vhdl_adders/vivado/axdct_project/axdct_project.srcs/sources_1/bd/design_1/design_1.bd'
INFO: [IP_Flow 19-3422] Upgraded design_1_CB11_axi_0_0 (CB11_axi_v1.0 1.0) from revision 1 to revision 2
Wrote  : </home/andrea/vhdl_adders/vivado/axdct_project/axdct_project.srcs/sources_1/bd/design_1/design_1.bd> 
INFO: [Coretcl 2-1525] Wrote upgrade log to '/home/andrea/vhdl_adders/vivado/axdct_project/ip_upgrade.log'.
export_ip_user_files -of_objects [get_ips design_1_CB11_axi_0_0] -no_script -sync -force -quiet
set_property synth_checkpoint_mode None [get_files  /home/andrea/vhdl_adders/vivado/axdct_project/axdct_project.srcs/sources_1/bd/design_1/design_1.bd]
generate_target all [get_files  /home/andrea/vhdl_adders/vivado/axdct_project/axdct_project.srcs/sources_1/bd/design_1/design_1.bd]
Wrote  : </home/andrea/vhdl_adders/vivado/axdct_project/axdct_project.srcs/sources_1/bd/design_1/design_1.bd> 
VHDL Output written to : /home/andrea/vhdl_adders/vivado/axdct_project/axdct_project.srcs/sources_1/bd/design_1/synth/design_1.vhd
VHDL Output written to : /home/andrea/vhdl_adders/vivado/axdct_project/axdct_project.srcs/sources_1/bd/design_1/sim/design_1.vhd
VHDL Output written to : /home/andrea/vhdl_adders/vivado/axdct_project/axdct_project.srcs/sources_1/bd/design_1/hdl/design_1_wrapper.vhd
INFO: [BD 41-1029] Generation completed for the IP Integrator block processing_system7_0 .
INFO: [BD 41-1029] Generation completed for the IP Integrator block rst_ps7_0_100M .
INFO: [BD 41-1029] Generation completed for the IP Integrator block CB11_axi_0 .
WARNING: [IP_Flow 19-4994] Overwriting existing constraint file '/home/andrea/vhdl_adders/vivado/axdct_project/axdct_project.srcs/sources_1/bd/design_1/ip/design_1_auto_pc_0/design_1_auto_pc_0_ooc.xdc'
INFO: [BD 41-1029] Generation completed for the IP Integrator block ps7_0_axi_periph/s00_couplers/auto_pc .
Exporting to file /home/andrea/vhdl_adders/vivado/axdct_project/axdct_project.srcs/sources_1/bd/design_1/hw_handoff/design_1.hwh
Generated Block Design Tcl file /home/andrea/vhdl_adders/vivado/axdct_project/axdct_project.srcs/sources_1/bd/design_1/hw_handoff/design_1_bd.tcl
Generated Hardware Definition File /home/andrea/vhdl_adders/vivado/axdct_project/axdct_project.srcs/sources_1/bd/design_1/synth/design_1.hwdef
generate_target: Time (s): cpu = 00:00:16 ; elapsed = 00:00:15 . Memory (MB): peak = 7006.660 ; gain = 0.000 ; free physical = 2520 ; free virtual = 4355
export_ip_user_files -of_objects [get_files /home/andrea/vhdl_adders/vivado/axdct_project/axdct_project.srcs/sources_1/bd/design_1/design_1.bd] -no_script -sync -force -quiet
export_simulation -of_objects [get_files /home/andrea/vhdl_adders/vivado/axdct_project/axdct_project.srcs/sources_1/bd/design_1/design_1.bd] -directory /home/andrea/vhdl_adders/vivado/axdct_project/axdct_project.ip_user_files/sim_scripts -ip_user_files_dir /home/andrea/vhdl_adders/vivado/axdct_project/axdct_project.ip_user_files -ipstatic_source_dir /home/andrea/vhdl_adders/vivado/axdct_project/axdct_project.ip_user_files/ipstatic -lib_map_path [list {modelsim=/home/andrea/vhdl_adders/vivado/axdct_project/axdct_project.cache/compile_simlib/modelsim} {questa=/home/andrea/vhdl_adders/vivado/axdct_project/axdct_project.cache/compile_simlib/questa} {ies=/home/andrea/vhdl_adders/vivado/axdct_project/axdct_project.cache/compile_simlib/ies} {xcelium=/home/andrea/vhdl_adders/vivado/axdct_project/axdct_project.cache/compile_simlib/xcelium} {vcs=/home/andrea/vhdl_adders/vivado/axdct_project/axdct_project.cache/compile_simlib/vcs} {riviera=/home/andrea/vhdl_adders/vivado/axdct_project/axdct_project.cache/compile_simlib/riviera}] -use_ip_compiled_libs -force -quiet
report_ip_status -name ip_status 
reset_run impl_1
launch_runs impl_1 -jobs 4
[Tue Apr  2 13:24:06 2019] Launched synth_1...
Run output will be captured here: /home/andrea/vhdl_adders/vivado/axdct_project/axdct_project.runs/synth_1/runme.log
[Tue Apr  2 13:24:06 2019] Launched impl_1...
Run output will be captured here: /home/andrea/vhdl_adders/vivado/axdct_project/axdct_project.runs/impl_1/runme.log
reset_target all [get_files  /home/andrea/vhdl_adders/vivado/axdct_project/axdct_project.srcs/sources_1/bd/design_1/design_1.bd]
export_ip_user_files -of_objects  [get_files  /home/andrea/vhdl_adders/vivado/axdct_project/axdct_project.srcs/sources_1/bd/design_1/design_1.bd] -sync -no_script -force -quiet
generate_target all [get_files  /home/andrea/vhdl_adders/vivado/axdct_project/axdct_project.srcs/sources_1/bd/design_1/design_1.bd]
INFO: [BD 41-1662] The design 'design_1.bd' is already validated. Therefore parameter propagation will not be re-run.
VHDL Output written to : /home/andrea/vhdl_adders/vivado/axdct_project/axdct_project.srcs/sources_1/bd/design_1/synth/design_1.vhd
VHDL Output written to : /home/andrea/vhdl_adders/vivado/axdct_project/axdct_project.srcs/sources_1/bd/design_1/sim/design_1.vhd
VHDL Output written to : /home/andrea/vhdl_adders/vivado/axdct_project/axdct_project.srcs/sources_1/bd/design_1/hdl/design_1_wrapper.vhd
INFO: [BD 41-1029] Generation completed for the IP Integrator block processing_system7_0 .
INFO: [BD 41-1029] Generation completed for the IP Integrator block rst_ps7_0_100M .
INFO: [BD 41-1029] Generation completed for the IP Integrator block CB11_axi_0 .
WARNING: [IP_Flow 19-4994] Overwriting existing constraint file '/home/andrea/vhdl_adders/vivado/axdct_project/axdct_project.srcs/sources_1/bd/design_1/ip/design_1_auto_pc_0/design_1_auto_pc_0_ooc.xdc'
INFO: [BD 41-1029] Generation completed for the IP Integrator block ps7_0_axi_periph/s00_couplers/auto_pc .
Exporting to file /home/andrea/vhdl_adders/vivado/axdct_project/axdct_project.srcs/sources_1/bd/design_1/hw_handoff/design_1.hwh
Generated Block Design Tcl file /home/andrea/vhdl_adders/vivado/axdct_project/axdct_project.srcs/sources_1/bd/design_1/hw_handoff/design_1_bd.tcl
Generated Hardware Definition File /home/andrea/vhdl_adders/vivado/axdct_project/axdct_project.srcs/sources_1/bd/design_1/synth/design_1.hwdef
generate_target: Time (s): cpu = 00:00:16 ; elapsed = 00:00:15 . Memory (MB): peak = 7080.281 ; gain = 0.000 ; free physical = 2469 ; free virtual = 4307
export_ip_user_files -of_objects [get_files /home/andrea/vhdl_adders/vivado/axdct_project/axdct_project.srcs/sources_1/bd/design_1/design_1.bd] -no_script -sync -force -quiet
export_simulation -of_objects [get_files /home/andrea/vhdl_adders/vivado/axdct_project/axdct_project.srcs/sources_1/bd/design_1/design_1.bd] -directory /home/andrea/vhdl_adders/vivado/axdct_project/axdct_project.ip_user_files/sim_scripts -ip_user_files_dir /home/andrea/vhdl_adders/vivado/axdct_project/axdct_project.ip_user_files -ipstatic_source_dir /home/andrea/vhdl_adders/vivado/axdct_project/axdct_project.ip_user_files/ipstatic -lib_map_path [list {modelsim=/home/andrea/vhdl_adders/vivado/axdct_project/axdct_project.cache/compile_simlib/modelsim} {questa=/home/andrea/vhdl_adders/vivado/axdct_project/axdct_project.cache/compile_simlib/questa} {ies=/home/andrea/vhdl_adders/vivado/axdct_project/axdct_project.cache/compile_simlib/ies} {xcelium=/home/andrea/vhdl_adders/vivado/axdct_project/axdct_project.cache/compile_simlib/xcelium} {vcs=/home/andrea/vhdl_adders/vivado/axdct_project/axdct_project.cache/compile_simlib/vcs} {riviera=/home/andrea/vhdl_adders/vivado/axdct_project/axdct_project.cache/compile_simlib/riviera}] -use_ip_compiled_libs -force -quiet
reset_run synth_1
launch_runs synth_1 -jobs 4
[Tue Apr  2 13:25:21 2019] Launched synth_1...
Run output will be captured here: /home/andrea/vhdl_adders/vivado/axdct_project/axdct_project.runs/synth_1/runme.log
CRITICAL WARNING: [Common 17-1649] The Vivado message database '/home/andrea/vhdl_adders/vivado/axdct_project/axdct_project.runs/synth_1/vivado.pb' contains 30030 messages. Restoring all messages from this message database will impact Vivado performance, so only WARNING, CRITICAL WARNING, and ERROR messages will be restored. To restore all messages from this file use the tcl command 'set_param messaging.loadPbLimit 30031' and re-open the project.
launch_runs impl_1 -jobs 4
[Tue Apr  2 13:27:58 2019] Launched impl_1...
Run output will be captured here: /home/andrea/vhdl_adders/vivado/axdct_project/axdct_project.runs/impl_1/runme.log
open_run impl_1
INFO: [Netlist 29-17] Analyzing 178 Unisim elements for replacement
INFO: [Netlist 29-28] Unisim Transformation completed in 0 CPU seconds
INFO: [Project 1-479] Netlist was created with Vivado 2018.3
INFO: [Device 21-403] Loading part xc7z010clg400-1
INFO: [Project 1-570] Preparing netlist for logic optimization
INFO: [Timing 38-478] Restoring timing data from binary archive.
INFO: [Timing 38-479] Binary timing data restore complete.
INFO: [Project 1-856] Restoring constraints from binary archive.
INFO: [Project 1-853] Binary constraint restore complete.
Reading XDEF placement.
Reading placer database...
Reading XDEF routing.
Read XDEF File: Time (s): cpu = 00:00:00,63 ; elapsed = 00:00:00,62 . Memory (MB): peak = 7779.566 ; gain = 16.000 ; free physical = 1651 ; free virtual = 3591
Restored from archive | CPU: 0,630000 secs | Memory: 13,585320 MB |
Finished XDEF File Restore: Time (s): cpu = 00:00:00,63 ; elapsed = 00:00:00,63 . Memory (MB): peak = 7779.566 ; gain = 16.000 ; free physical = 1651 ; free virtual = 3591
Netlist sorting complete. Time (s): cpu = 00:00:00 ; elapsed = 00:00:00,01 . Memory (MB): peak = 7779.566 ; gain = 0.000 ; free physical = 1653 ; free virtual = 3593
INFO: [Project 1-111] Unisim Transformation Summary:
No Unisim elements were transformed.

WARNING: [Designutils 20-3303] unexpected site type 'IOPAD' in HDPYFinalizeIO
WARNING: [Designutils 20-3303] unexpected site type 'IOPAD' in HDPYFinalizeIO
WARNING: [Designutils 20-3303] unexpected site type 'IOPAD' in HDPYFinalizeIO
WARNING: [Designutils 20-3303] unexpected site type 'IOPAD' in HDPYFinalizeIO
WARNING: [Designutils 20-3303] unexpected site type 'IOPAD' in HDPYFinalizeIO
WARNING: [Designutils 20-3303] unexpected site type 'IOPAD' in HDPYFinalizeIO
WARNING: [Designutils 20-3303] unexpected site type 'IOPAD' in HDPYFinalizeIO
WARNING: [Designutils 20-3303] unexpected site type 'IOPAD' in HDPYFinalizeIO
WARNING: [Designutils 20-3303] unexpected site type 'IOPAD' in HDPYFinalizeIO
WARNING: [Designutils 20-3303] unexpected site type 'IOPAD' in HDPYFinalizeIO
WARNING: [Designutils 20-3303] unexpected site type 'IOPAD' in HDPYFinalizeIO
WARNING: [Designutils 20-3303] unexpected site type 'IOPAD' in HDPYFinalizeIO
WARNING: [Designutils 20-3303] unexpected site type 'IOPAD' in HDPYFinalizeIO
WARNING: [Designutils 20-3303] unexpected site type 'IOPAD' in HDPYFinalizeIO
WARNING: [Designutils 20-3303] unexpected site type 'IOPAD' in HDPYFinalizeIO
WARNING: [Designutils 20-3303] unexpected site type 'IOPAD' in HDPYFinalizeIO
WARNING: [Designutils 20-3303] unexpected site type 'IOPAD' in HDPYFinalizeIO
WARNING: [Designutils 20-3303] unexpected site type 'IOPAD' in HDPYFinalizeIO
WARNING: [Designutils 20-3303] unexpected site type 'IOPAD' in HDPYFinalizeIO
WARNING: [Designutils 20-3303] unexpected site type 'IOPAD' in HDPYFinalizeIO
WARNING: [Designutils 20-3303] unexpected site type 'IOPAD' in HDPYFinalizeIO
WARNING: [Designutils 20-3303] unexpected site type 'IOPAD' in HDPYFinalizeIO
WARNING: [Designutils 20-3303] unexpected site type 'IOPAD' in HDPYFinalizeIO
WARNING: [Designutils 20-3303] unexpected site type 'IOPAD' in HDPYFinalizeIO
WARNING: [Designutils 20-3303] unexpected site type 'IOPAD' in HDPYFinalizeIO
WARNING: [Designutils 20-3303] unexpected site type 'IOPAD' in HDPYFinalizeIO
WARNING: [Designutils 20-3303] unexpected site type 'IOPAD' in HDPYFinalizeIO
WARNING: [Designutils 20-3303] unexpected site type 'IOPAD' in HDPYFinalizeIO
WARNING: [Designutils 20-3303] unexpected site type 'IOPAD' in HDPYFinalizeIO
WARNING: [Designutils 20-3303] unexpected site type 'IOPAD' in HDPYFinalizeIO
WARNING: [Designutils 20-3303] unexpected site type 'IOPAD' in HDPYFinalizeIO
WARNING: [Designutils 20-3303] unexpected site type 'IOPAD' in HDPYFinalizeIO
WARNING: [Designutils 20-3303] unexpected site type 'IOPAD' in HDPYFinalizeIO
WARNING: [Designutils 20-3303] unexpected site type 'IOPAD' in HDPYFinalizeIO
WARNING: [Designutils 20-3303] unexpected site type 'IOPAD' in HDPYFinalizeIO
WARNING: [Designutils 20-3303] unexpected site type 'IOPAD' in HDPYFinalizeIO
WARNING: [Designutils 20-3303] unexpected site type 'IOPAD' in HDPYFinalizeIO
WARNING: [Designutils 20-3303] unexpected site type 'IOPAD' in HDPYFinalizeIO
WARNING: [Designutils 20-3303] unexpected site type 'IOPAD' in HDPYFinalizeIO
WARNING: [Designutils 20-3303] unexpected site type 'IOPAD' in HDPYFinalizeIO
WARNING: [Designutils 20-3303] unexpected site type 'IOPAD' in HDPYFinalizeIO
WARNING: [Designutils 20-3303] unexpected site type 'IOPAD' in HDPYFinalizeIO
WARNING: [Designutils 20-3303] unexpected site type 'IOPAD' in HDPYFinalizeIO
WARNING: [Designutils 20-3303] unexpected site type 'IOPAD' in HDPYFinalizeIO
WARNING: [Designutils 20-3303] unexpected site type 'IOPAD' in HDPYFinalizeIO
WARNING: [Designutils 20-3303] unexpected site type 'IOPAD' in HDPYFinalizeIO
WARNING: [Designutils 20-3303] unexpected site type 'IOPAD' in HDPYFinalizeIO
WARNING: [Designutils 20-3303] unexpected site type 'IOPAD' in HDPYFinalizeIO
WARNING: [Designutils 20-3303] unexpected site type 'IOPAD' in HDPYFinalizeIO
WARNING: [Designutils 20-3303] unexpected site type 'IOPAD' in HDPYFinalizeIO
WARNING: [Designutils 20-3303] unexpected site type 'IOPAD' in HDPYFinalizeIO
WARNING: [Designutils 20-3303] unexpected site type 'IOPAD' in HDPYFinalizeIO
WARNING: [Designutils 20-3303] unexpected site type 'IOPAD' in HDPYFinalizeIO
WARNING: [Designutils 20-3303] unexpected site type 'IOPAD' in HDPYFinalizeIO
WARNING: [Designutils 20-3303] unexpected site type 'IOPAD' in HDPYFinalizeIO
WARNING: [Designutils 20-3303] unexpected site type 'IOPAD' in HDPYFinalizeIO
WARNING: [Designutils 20-3303] unexpected site type 'IOPAD' in HDPYFinalizeIO
WARNING: [Designutils 20-3303] unexpected site type 'IOPAD' in HDPYFinalizeIO
WARNING: [Designutils 20-3303] unexpected site type 'IOPAD' in HDPYFinalizeIO
WARNING: [Designutils 20-3303] unexpected site type 'IOPAD' in HDPYFinalizeIO
WARNING: [Designutils 20-3303] unexpected site type 'IOPAD' in HDPYFinalizeIO
WARNING: [Designutils 20-3303] unexpected site type 'IOPAD' in HDPYFinalizeIO
WARNING: [Designutils 20-3303] unexpected site type 'IOPAD' in HDPYFinalizeIO
WARNING: [Designutils 20-3303] unexpected site type 'IOPAD' in HDPYFinalizeIO
WARNING: [Designutils 20-3303] unexpected site type 'IOPAD' in HDPYFinalizeIO
WARNING: [Designutils 20-3303] unexpected site type 'IOPAD' in HDPYFinalizeIO
WARNING: [Designutils 20-3303] unexpected site type 'IOPAD' in HDPYFinalizeIO
WARNING: [Designutils 20-3303] unexpected site type 'IOPAD' in HDPYFinalizeIO
WARNING: [Designutils 20-3303] unexpected site type 'IOPAD' in HDPYFinalizeIO
WARNING: [Designutils 20-3303] unexpected site type 'IOPAD' in HDPYFinalizeIO
WARNING: [Designutils 20-3303] unexpected site type 'IOPAD' in HDPYFinalizeIO
WARNING: [Designutils 20-3303] unexpected site type 'IOPAD' in HDPYFinalizeIO
WARNING: [Designutils 20-3303] unexpected site type 'IOPAD' in HDPYFinalizeIO
WARNING: [Designutils 20-3303] unexpected site type 'IOPAD' in HDPYFinalizeIO
WARNING: [Designutils 20-3303] unexpected site type 'IOPAD' in HDPYFinalizeIO
WARNING: [Designutils 20-3303] unexpected site type 'IOPAD' in HDPYFinalizeIO
WARNING: [Designutils 20-3303] unexpected site type 'IOPAD' in HDPYFinalizeIO
WARNING: [Designutils 20-3303] unexpected site type 'IOPAD' in HDPYFinalizeIO
WARNING: [Designutils 20-3303] unexpected site type 'IOPAD' in HDPYFinalizeIO
WARNING: [Designutils 20-3303] unexpected site type 'IOPAD' in HDPYFinalizeIO
WARNING: [Designutils 20-3303] unexpected site type 'IOPAD' in HDPYFinalizeIO
WARNING: [Designutils 20-3303] unexpected site type 'IOPAD' in HDPYFinalizeIO
WARNING: [Designutils 20-3303] unexpected site type 'IOPAD' in HDPYFinalizeIO
WARNING: [Designutils 20-3303] unexpected site type 'IOPAD' in HDPYFinalizeIO
WARNING: [Designutils 20-3303] unexpected site type 'IOPAD' in HDPYFinalizeIO
WARNING: [Designutils 20-3303] unexpected site type 'IOPAD' in HDPYFinalizeIO
WARNING: [Designutils 20-3303] unexpected site type 'IOPAD' in HDPYFinalizeIO
WARNING: [Designutils 20-3303] unexpected site type 'IOPAD' in HDPYFinalizeIO
WARNING: [Designutils 20-3303] unexpected site type 'IOPAD' in HDPYFinalizeIO
WARNING: [Designutils 20-3303] unexpected site type 'IOPAD' in HDPYFinalizeIO
WARNING: [Designutils 20-3303] unexpected site type 'IOPAD' in HDPYFinalizeIO
WARNING: [Designutils 20-3303] unexpected site type 'IOPAD' in HDPYFinalizeIO
WARNING: [Designutils 20-3303] unexpected site type 'IOPAD' in HDPYFinalizeIO
WARNING: [Designutils 20-3303] unexpected site type 'IOPAD' in HDPYFinalizeIO
WARNING: [Designutils 20-3303] unexpected site type 'IOPAD' in HDPYFinalizeIO
WARNING: [Designutils 20-3303] unexpected site type 'IOPAD' in HDPYFinalizeIO
WARNING: [Designutils 20-3303] unexpected site type 'IOPAD' in HDPYFinalizeIO
WARNING: [Designutils 20-3303] unexpected site type 'IOPAD' in HDPYFinalizeIO
WARNING: [Designutils 20-3303] unexpected site type 'IOPAD' in HDPYFinalizeIO
WARNING: [Designutils 20-3303] unexpected site type 'IOPAD' in HDPYFinalizeIO
INFO: [Common 17-14] Message 'Designutils 20-3303' appears 100 times and further instances of the messages will be disabled. Use the Tcl command set_msg_config to change the current settings.
open_run: Time (s): cpu = 00:00:16 ; elapsed = 00:00:14 . Memory (MB): peak = 7962.352 ; gain = 815.031 ; free physical = 1593 ; free virtual = 3532
exit
INFO: [Common 17-206] Exiting Vivado at Tue Apr  2 13:30:55 2019...
